<?xml version="1.0" encoding="UTF-8"?>
<testng-results ignored="0" total="1" passed="1" failed="0" skipped="0">
  <reporter-output>
  </reporter-output>
  <suite started-at="2024-02-12T17:14:01 EST" name="Default suite" finished-at="2024-02-12T17:14:05 EST" duration-ms="3832">
    <groups>
    </groups>
    <test started-at="2024-02-12T17:14:01 EST" name="Default test" finished-at="2024-02-12T17:14:05 EST" duration-ms="3832">
      <class name="com.login.verification.Account_Balannce">
        <test-method signature="testAccountBalanceRetrieval()[pri:0, instance:com.login.verification.Account_Balannce@28261e8e]" started-at="2024-02-12T17:14:01 EST" name="testAccountBalanceRetrieval" finished-at="2024-02-12T17:14:05 EST" duration-ms="3796" status="PASS">
          <reporter-output>
          </reporter-output>
        </test-method> <!-- testAccountBalanceRetrieval -->
      </class> <!-- com.login.verification.Account_Balannce -->
    </test> <!-- Default test -->
  </suite> <!-- Default suite -->
</testng-results>
